SF:lib\core\services\firebase_auth_service.dart
DA:6,1
DA:8,1
DA:11,2
DA:14,0
DA:18,1
DA:21,2
DA:26,0
DA:27,0
DA:29,0
DA:33,0
DA:34,0
DA:37,0
DA:38,0
LF:13
LH:5
end_of_record
SF:lib\core\services\flashcard_service.dart
DA:10,1
DA:13,1
DA:14,1
DA:16,3
DA:18,2
DA:19,0
DA:22,2
DA:24,4
DA:27,1
DA:29,2
DA:30,1
DA:31,1
DA:32,1
DA:34,2
DA:35,0
DA:39,0
DA:40,0
DA:42,0
DA:43,0
DA:44,0
DA:49,0
LF:21
LH:13
end_of_record
SF:lib\data\models\flashcard.dart
DA:7,1
DA:14,0
DA:15,0
DA:16,0
DA:17,0
DA:18,0
DA:19,0
DA:23,1
DA:24,1
DA:25,1
DA:26,1
DA:27,1
DA:28,1
LF:13
LH:7
end_of_record
SF:lib\core\services\subject_service.dart
DA:10,1
DA:12,1
DA:13,1
DA:15,3
DA:17,2
DA:18,0
DA:21,2
DA:23,4
DA:26,1
DA:28,2
DA:29,1
DA:30,1
DA:31,1
DA:34,2
DA:35,3
DA:39,0
DA:40,0
DA:42,0
DA:43,0
DA:44,0
DA:48,0
LF:21
LH:14
end_of_record
SF:lib\data\models\subject.dart
DA:7,1
DA:14,0
DA:15,0
DA:16,0
DA:17,0
DA:18,0
DA:19,0
DA:23,1
DA:24,1
DA:25,1
DA:26,1
DA:27,1
DA:28,1
LF:13
LH:7
end_of_record
